<?xml version="1.0" encoding="UTF-8"?>
<testsuite name="com.applications.TestApplication" tests="1" skipped="0" failures="0" errors="0" timestamp="2019-06-18T13:35:38" hostname="KEVIN-DELL" time="0.003">
  <properties/>
  <testcase name="test" classname="com.applications.TestApplication" time="0.003"/>
  <system-out><![CDATA[]]></system-out>
  <system-err><![CDATA[]]></system-err>
</testsuite>
