<?xml version="1.0" encoding="UTF-8"?>
<testsuite name="com.applications.UsersManagerTests" tests="4" skipped="0" failures="0" errors="0" timestamp="2019-06-19T09:31:52" hostname="KEVIN-DELL" time="0.035">
  <properties/>
  <testcase name="getUsersEmpty" classname="com.applications.UsersManagerTests" time="0.01"/>
  <testcase name="getUsersFilled" classname="com.applications.UsersManagerTests" time="0.006"/>
  <testcase name="adminExists" classname="com.applications.UsersManagerTests" time="0.003"/>
  <testcase name="adminCreated" classname="com.applications.UsersManagerTests" time="0.006"/>
  <system-out><![CDATA[Création du fichier C:\GTA\users.csv
Création du fichier C:\GTA\users.csv
Création du fichier C:\GTA\users.csv
Création du fichier C:\GTA\users.csv
]]></system-out>
  <system-err><![CDATA[]]></system-err>
</testsuite>
